2022-03-10 11:02:40 INFO  BookAspect:17 - List spring.controller.BookController.getBook()
2022-03-10 11:06:26 INFO  BookAspect:21 - Book spring.controller.BookController.postBook(Book)
2022-03-10 12:11:05 INFO  BookAspect:17 - List spring.controller.BookController.getBook()
2022-03-10 17:53:00 INFO  BookAspect:17 - List spring.controller.BookController.getBook()
2022-03-10 17:57:16 INFO  BookAspect:17 - List spring.controller.BookController.getBook()
2022-03-10 18:01:52 INFO  :17 - List spring.controller.BookController.getBook()
2022-03-10 18:03:12 INFO  :17 - List spring.controller.BookController.getBook()
2022-03-10 18:05:28 INFO  :17 - List spring.controller.BookController.getBook()
2022-03-10 18:07:24 INFO  BookAspect:17 - List spring.controller.BookController.getBook()
2022-03-10 18:08:23 INFO  BookAspect:17 - List spring.controller.BookController.getBook()
2022-03-10 18:19:34 INFO  BookAspect:17 - List spring.controller.BookController.getBook()
2022-03-10 18:20:49 INFO  BookAspect:17 - List spring.controller.BookController.getBook()
2022-03-10 18:45:22 INFO  BookAspect:29 - void spring.controller.BookController.deleteBook(String)
2022-03-10 18:45:22 INFO  BookAspect:29 - void spring.service.BookService.deleteBook(String)
2022-03-10 18:45:32 INFO  BookAspect:17 - List spring.controller.BookController.getBook()
2022-03-10 18:50:30 INFO  BookAspect:29 - void spring.controller.BookController.deleteBook(String)
2022-03-10 18:50:30 INFO  BookAspect:29 - void spring.service.BookService.deleteBook(String)
2022-03-10 18:50:31 INFO  BookAspect:43 - Successfully deleted record with title: Star Wars
2022-03-11 06:22:39 INFO  BookAspect:25 - Book spring.controller.BookController.updateBook(String,Book)
2022-03-11 06:23:48 INFO  BookAspect:25 - Book spring.controller.BookController.updateBook(String,Book)
2022-03-11 06:23:54 INFO  BookAspect:17 - List spring.controller.BookController.getBook()
2022-03-11 06:25:01 INFO  BookAspect:25 - Review spring.controller.ReviewController.updateBook(int,Review)
2022-03-11 06:25:20 INFO  BookAspect:25 - Review spring.controller.ReviewController.updateBook(int,Review)
2022-03-11 06:26:27 INFO  BookAspect:17 - List spring.controller.BookController.getBook()
